3x5K_1.txt | 2021-08-17 05:18:09,287 ERROR __main__ Error : Some problem happened.                         The input file will be moved to unprocessed directory. Please try running this file manually
3x5K_1.txt | 2021-08-17 05:19:59,944 | ERROR | __main__ | Error : Some problem happened.                         The input file will be moved to unprocessed directory. Please try running this file manually
3x5K_1.txt | 2021-08-17 05:22:04,791 | ERROR | __main__ | Error : Some problem happened.                         The input file will be moved to unprocessed directory. Please try running this file manually
3x5K_1.txt | 2021-08-17 05:27:19,726 | ERROR | __main__ | Error : Some problem happened.The input file will be moved to unprocessed directory. Please try running this file manually'int' object is not iterable
3x5K_1.txt | 2021-08-17 05:29:03,718 | ERROR | __main__ | Error : Some problem happened. The input file will be moved to `unprocessed` directory. Please try running this file manually | Exception ::: 'int' object is not iterable
3x5K_1.txt | 2021-08-17 05:32:01,957 | INFO | __main__ | 3x5K_1.txt has been processed successfully | File moved to `processed`
3x5K_1.txt | 2021-08-17 05:33:49,050 | INFO | __main__ | The file has been processed successfully and moved to `processed`
3x5K_1.txt | 2021-08-17 05:35:10,443 | INFO | __main__ | The file has been processed successfully with 0.0032740710000000034seconds and moved to `processed` directory
3x5K_1.txt | 2021-08-17 05:35:37,330 | INFO | __main__ | The file has been processed successfully with 0.003210922000000005 seconds and moved to `processed` directory
3x5K_1.txt | 2021-08-17 05:41:40,989 | INFO | __main__ | The file has been processed successfully and moved to `processed` directory | Time taken: 0.004348991999999996 seconds | No. of records in file: 6
3x5K_1.txt | 2021-08-17 05:46:30,768 | INFO | __main__ | The file has been processed successfully and moved to `processed` directory | Time taken: 0.0030926069999999972 seconds | No. of records in file: 6
3x5K_1.txt | 2021-08-17 05:58:21,648 | INFO | __main__ | The file has been processed successfully and moved to `processed` directory | Time taken: 0.004543099000000002 seconds | No. of records in file: 6
3x5K_1.txt | 2021-08-17 06:00:54,437 | INFO | __main__ | The file has been processed successfully and moved to `processed` directory | Output file : /Users/a-5156/DeepShared/Turnkey/py/output/3x5K_1_txt__out_20210817060054.csv Time taken: 0.0034753549999999994 seconds | No. of records in file: 6
3x5K_1.txt | 2021-08-17 06:02:02,310 | INFO | __main__ | The file has been processed successfully and moved to `processed` directory | Output file : 3x5K_1_txt__out_20210817060202.csv Time taken: 0.003293839 seconds | No. of records in file: 6
3x5K_1.txt | 2021-08-17 06:02:19,588 | INFO | __main__ | The file has been processed successfully and moved to `processed` directory | Output file : 3x5K_1_txt__out_20210817060219.csv | Time taken: 0.0032347139999999996 seconds | No. of records in file: 6
3x5K_1.txt | 2021-08-17 06:03:21,358 | INFO | __main__ | The file has been processed successfully and moved to `processed` directory | Output file : 3x5K_1_txt__out_20210817060321.csv | Time taken: 0.004606421999999999 seconds | No. of records in file: 6
3x5K_1.txt | 2021-08-17 12:19:32,884 | INFO | __main__ | The file has been processed successfully and moved to `processed` directory | Output file : 3x5K_1_txt__out_20210817121932.csv | Time taken: 0.005483653999999991 seconds | No. of records in file: 6
3x5K_1.txt | 2021-08-17 12:19:41,123 | INFO | __main__ | The file has been processed successfully and moved to `processed` directory | Output file : 3x5K_1_txt__out_20210817121941.csv | Time taken: 0.005278186000000004 seconds | No. of records in file: 6
3x5K_1.txt | 2021-08-17 12:20:24,089 | INFO | __main__ | The file has been processed successfully and moved to `processed` directory | Output file : 3x5K_1_txt__out_20210817122024.csv | Time taken: 0.004564933 seconds | No. of records in file: 6
3x5K_1.txt | 2021-08-17 12:21:41,555 | INFO | __main__ | The file has been processed successfully and moved to `processed` directory | Output file : 3x5K_1_txt__out_20210817122141.csv | Time taken: 0.428228522 seconds | No. of records in file: 6
3x5K_1.txt | 2021-08-17 22:58:12,509 | ERROR | __main__ | Error : Some problem happened. The input file will be moved to the `unprocessed` directory. Please try running this file manually | Exception ::: can only concatenate str (not "int") to str
3x5K_1.txt | 2021-08-17 23:06:03,019 | ERROR | __main__ | Error : Some problem happened. The input file will be moved to the `unprocessed` directory. Please try running this file manually | Exception ::: can only concatenate str (not "int") to str
3x5K_1.txt | 2021-08-17 23:06:03,021 | INFO | __main__ | The file has been processed successfully and moved to `processed` directory | Output file : 3x5K_1_txt__out_20210817230603.csv | Time taken: 0.002672278 seconds | No. of records in file: 6
3x5K_1.txt | 2021-08-17 23:16:07,185 | ERROR | __main__ | Error : Some problem happened. The input file will be moved to the `unprocessed` directory. Please try running this file manually | Exception ::: can only concatenate str (not "int") to str
3x5K_1.txt | 2021-08-17 23:16:39,897 | ERROR | __main__ | Error : Some problem happened. The input file will be moved to the `unprocessed` directory. Please try running this file manually | Exception ::: can only concatenate str (not "int") to str
3x5K_1.txt | 2021-08-17 23:16:39,897 | INFO | __main__ | The file has been processed successfully and moved to `processed` directory | Output file : 3x5K_1_txt__out_20210817231639.csv | Time taken: 0.0008664050000000006 seconds | No. of records in file: 6
3x5K_1.txt | 2021-08-17 23:21:37,155 | INFO | __main__ | The file has been processed successfully and moved to `processed` directory | Output file : 3x5K_1_txt__out_20210817232137.csv | Time taken: 0.012651443999999998 seconds | No. of records in file: 6
3x5K_1.txt | 2021-08-17 23:33:08,702 | INFO | __main__ | The file has been processed successfully and moved to `processed` directory | Output file : 3x5K_1_txt__out_20210817233308.csv | Time taken: 0.0010909290000000044 seconds | No. of records in file: 1
3x5K_1.txt | 2021-08-17 23:33:22,886 | INFO | __main__ | The file has been processed successfully and moved to `processed` directory | Output file : 3x5K_1_txt__out_20210817233322.csv | Time taken: 0.001399692000000001 seconds | No. of records in file: 1
3x5K_1.txt | 2021-08-17 23:34:16,298 | ERROR | __main__ | Error : Some problem happened. The input file will be moved to the `unprocessed` directory. Please try running this file manually | Exception ::: can only concatenate str (not "list") to str
3x5K_1.txt | 2021-08-17 23:34:53,623 | INFO | __main__ | The file has been processed successfully and moved to `processed` directory | Output file : 3x5K_1_txt__out_20210817233453.csv | Time taken: 0.011033943999999997 seconds | No. of records in file: 1
3x5K_1.txt | 2021-08-17 23:48:19,447 | INFO | __main__ | The file has been processed successfully and moved to `processed` directory | Output file : 3x5K_1_txt__out_20210817234819.csv | Time taken: 0.005921721000000005 seconds | No. of records in file: 1
3x5K_1.txt | 2021-08-17 23:48:52,793 | INFO | __main__ | The file has been processed successfully and moved to `processed` directory | Output file : 3x5K_1_txt__out_20210817234852.csv | Time taken: 0.0009659850000000025 seconds | No. of records in file: 1
3x5K_1.txt | 2021-08-17 23:49:11,214 | INFO | __main__ | The file has been processed successfully and moved to `processed` directory | Output file : 3x5K_1_txt__out_20210817234911.csv | Time taken: 0.0005600160000000035 seconds | No. of records in file: 1
3x5K_1.txt | 2021-08-17 23:54:20,980 | INFO | __main__ | The file has been processed successfully and moved to `processed` directory | Output file : 3x5K_1_txt__out_20210817235420.csv | Time taken: 0.0010293349999999923 seconds | No. of records in file: 1
3x5K_1.txt | 2021-08-17 23:54:33,851 | INFO | __main__ | The file has been processed successfully and moved to `processed` directory | Output file : 3x5K_1_txt__out_20210817235433.csv | Time taken: 0.0005851010000000045 seconds | No. of records in file: 1
3x5K_1.txt | 2021-08-18 00:00:11,669 | INFO | __main__ | The file has been processed successfully and moved to `processed` directory | Output file : 3x5K_1_txt__out_20210818000011.csv | Time taken: 0.0011325299999999927 seconds | No. of records in file: 1
3x5K_1.txt | 2021-08-18 00:13:02,642 | INFO | __main__ | The file has been processed successfully and moved to `processed` directory | Output file : 3x5K_1_txt__out_20210818001302.csv | Time taken: 0.002678472000000001 seconds | No. of records in file: 1
3x5K_1.txt | 2021-08-18 00:24:53,243 | INFO | __main__ | The file has been processed successfully and moved to `processed` directory | Output file : 3x5K_1_txt__out_20210818002453.csv | Time taken: 0.001875436000000008 seconds | No. of records in file: 1
3x5K_1.txt | 2021-08-18 00:25:04,233 | INFO | __main__ | The file has been processed successfully and moved to `processed` directory | Output file : 3x5K_1_txt__out_20210818002504.csv | Time taken: 0.0018954439999999961 seconds | No. of records in file: 1
3x5K_1.txt | 2021-08-18 00:25:24,600 | INFO | __main__ | The file has been processed successfully and moved to `processed` directory | Output file : 3x5K_1_txt__out_20210818002524.csv | Time taken: 0.002990373999999997 seconds | No. of records in file: 1
3x5K_1.txt | 2021-08-18 00:30:41,969 | INFO | __main__ | The file has been processed successfully and moved to `processed` directory | Output file : 3x5K_1_txt__out_20210818003041.csv | Time taken: 0.001138585999999997 seconds | No. of records in file: 1
3x5K_1.txt | 2021-08-18 00:30:54,255 | INFO | __main__ | The file has been processed successfully and moved to `processed` directory | Output file : 3x5K_1_txt__out_20210818003054.csv | Time taken: 0.001077599999999998 seconds | No. of records in file: 1
3x5K_1.txt | 2021-08-18 00:31:01,116 | INFO | __main__ | The file has been processed successfully and moved to `processed` directory | Output file : 3x5K_1_txt__out_20210818003101.csv | Time taken: 0.0005600480000000005 seconds | No. of records in file: 1
3x5K_1.txt | 2021-08-18 00:31:22,821 | INFO | __main__ | The file has been processed successfully and moved to `processed` directory | Output file : 3x5K_1_txt__out_20210818003122.csv | Time taken: 0.0006424800000000008 seconds | No. of records in file: 1
3x5K_1.txt | 2021-08-18 00:38:13,838 | INFO | __main__ | The file has been processed successfully and moved to `processed` directory | Output file : 3x5K_1_txt__out_20210818003813.csv | Time taken: 0.0011855789999999922 seconds | No. of records in file: 1
3x5K_1.txt | 2021-08-18 00:38:51,259 | INFO | __main__ | The file has been processed successfully and moved to `processed` directory | Output file : 3x5K_1_txt__out_20210818003851.csv | Time taken: 0.0011321080000000067 seconds | No. of records in file: 1
3x5K_1.txt | 2021-08-18 00:39:33,309 | INFO | __main__ | The file has been processed successfully and moved to `processed` directory | Output file : 3x5K_1_txt__out_20210818003933.csv | Time taken: 0.0010305700000000084 seconds | No. of records in file: 1
3x5K_1.txt | 2021-08-18 00:57:56,588 | INFO | __main__ | The file has been processed successfully and moved to `processed` directory | Output file : 3x5K_1_txt__out_20210818005756.csv | Time taken: 0.0011292460000000004 seconds | No. of records in file: 1
3x5K_1.txt | 2021-08-18 01:12:54,962 | INFO | __main__ | The file has been processed successfully and moved to `processed` directory | Output file : 3x5K_1_txt__out_20210818011254.csv | Time taken: 0.0015071950000000028 seconds | No. of records in file: 1
3x5K_1.txt | 2021-08-18 01:51:28,366 | INFO | __main__ | The file has been processed successfully and moved to `processed` directory | Output file : 3x5K_1_txt__out_20210818015128.csv | Time taken: 0.0014761670000000005 seconds | No. of records in file: 1
3x5K_1.txt | 2021-08-18 01:51:36,755 | INFO | __main__ | The file has been processed successfully and moved to `processed` directory | Output file : 3x5K_1_txt__out_20210818015136.csv | Time taken: 0.0005352809999999986 seconds | No. of records in file: 1
3x5K_1.txt | 2021-08-18 01:52:11,364 | INFO | __main__ | The file has been processed successfully and moved to `processed` directory | Output file : 3x5K_1_txt__out_20210818015211.csv | Time taken: 0.0011133019999999966 seconds | No. of records in file: 1
3x5K_1.txt | 2021-08-18 01:52:55,921 | INFO | __main__ | The file has been processed successfully and moved to `processed` directory | Output file : 3x5K_1_txt__out_20210818015255.csv | Time taken: 0.0005078739999999984 seconds | No. of records in file: 1
3x5K_1.txt | 2021-08-18 01:53:00,820 | INFO | __main__ | The file has been processed successfully and moved to `processed` directory | Output file : 3x5K_1_txt__out_20210818015300.csv | Time taken: 0.0005571300000000029 seconds | No. of records in file: 1
3x5K_1.txt | 2021-08-18 01:59:45,225 | INFO | __main__ | The file has been processed successfully and moved to `processed` directory | Output file : 3x5K_1_txt__out_20210818015945.csv | Time taken: 0.0022952809999999962 seconds | No. of records in file: 1
3x5K_1.txt | 2021-08-18 01:59:53,367 | INFO | __main__ | The file has been processed successfully and moved to `processed` directory | Output file : 3x5K_1_txt__out_20210818015953.csv | Time taken: 0.0005716750000000007 seconds | No. of records in file: 1
3x5K_1.txt | 2021-08-18 02:00:16,316 | INFO | __main__ | The file has been processed successfully and moved to `processed` directory | Output file : 3x5K_1_txt__out_20210818020016.csv | Time taken: 0.0006678420000000018 seconds | No. of records in file: 1
3x5K_1.txt | 2021-08-18 02:00:39,622 | INFO | __main__ | The file has been processed successfully and moved to `processed` directory | Output file : 3x5K_1_txt__out_20210818020039.csv | Time taken: 0.0010875159999999967 seconds | No. of records in file: 1
3x5K_1.txt | 2021-08-18 02:01:04,262 | INFO | __main__ | The file has been processed successfully and moved to `processed` directory | Output file : 3x5K_1_txt__out_20210818020104.csv | Time taken: 0.0008523500000000017 seconds | No. of records in file: 1
3x5K_1.txt | 2021-08-18 02:01:31,662 | INFO | __main__ | The file has been processed successfully and moved to `processed` directory | Output file : 3x5K_1_txt__out_20210818020131.csv | Time taken: 0.0005010589999999981 seconds | No. of records in file: 1
3x5K_1.txt | 2021-08-20 13:02:53,275 | INFO | __main__ | The file has been processed successfully and moved to `processed` directory | Output file : 3x5K_1_txt__out_20210820130253.csv | Time taken: 0.004183855 seconds | No. of records in file: 1
3x5K_1.txt | 2021-08-20 13:05:13,882 | INFO | __main__ | The file has been processed successfully and moved to `processed` directory | Output file : 3x5K_1_txt__out_20210820130513.csv | Time taken: 0.0014409630000000034 seconds | No. of records in file: 1
3x5K_1.txt | 2021-08-20 13:06:40,692 | ERROR | __main__ | Error : Some problem happened. The input file will be moved to the `unprocessed` directory. Please try running this file manually | Exception ::: 'NoneType' object has no attribute 'replace'
3x5K_1.txt | 2021-08-20 13:07:16,375 | INFO | __main__ | The file has been processed successfully and moved to `processed` directory | Output file : 3x5K_1_txt__out_20210820130716.csv | Time taken: 0.0026905209999999943 seconds | No. of records in file: 1
3x5K_1.txt | 2021-08-20 13:08:45,503 | INFO | __main__ | The file has been processed successfully and moved to `processed` directory | Output file : 3x5K_1_txt__out_20210820130845.csv | Time taken: 0.0014406829999999982 seconds | No. of records in file: 1
3x5K_1.txt | 2021-08-22 11:47:20,814 | INFO | __main__ | The file has been processed successfully and moved to `processed` directory | Output file : 3x5K_1_txt__out_20210822114720.csv | Time taken: 0.0033764210000000044 seconds | No. of records in file: 1
3x5K_1.txt | 2021-08-22 11:47:43,556 | INFO | __main__ | The file has been processed successfully and moved to `processed` directory | Output file : 3x5K_1_txt__out_20210822114743.csv | Time taken: 0.0011871050000000008 seconds | No. of records in file: 1
3x5K_1.txt | 2021-08-22 11:47:59,434 | INFO | __main__ | The file has been processed successfully and moved to `processed` directory | Output file : 3x5K_1_txt__out_20210822114759.csv | Time taken: 0.0023743140000000024 seconds | No. of records in file: 1
3x5K_1.txt | 2021-08-22 11:48:39,211 | INFO | __main__ | The file has been processed successfully and moved to `processed` directory | Output file : 3x5K_1_txt__out_20210822114839.csv | Time taken: 0.0010000820000000063 seconds | No. of records in file: 1
3x5K_1.txt | 2021-08-22 11:49:13,698 | INFO | __main__ | The file has been processed successfully and moved to `processed` directory | Output file : 3x5K_1_txt__out_20210822114913.csv | Time taken: 0.0011464030000000042 seconds | No. of records in file: 1
3x5K_1.txt | 2021-08-22 11:50:06,709 | INFO | __main__ | The file has been processed successfully and moved to `processed` directory | Output file : 3x5K_1_txt__out_20210822115006.csv | Time taken: 0.0010701500000000058 seconds | No. of records in file: 1
3x5K_1.txt | 2021-08-22 11:50:28,187 | INFO | __main__ | The file has been processed successfully and moved to `processed` directory | Output file : 3x5K_1_txt__out_20210822115028.csv | Time taken: 0.0010312480000000054 seconds | No. of records in file: 1
3x5K_1.txt | 2021-08-22 21:15:27,106 | INFO | __main__ | The file has been processed successfully and moved to `processed` directory | Output file : 3x5K_1_txt__out_20210822211527.csv | Time taken: 0.0019515459999999984 seconds | No. of records in file: 1
